<?xml version="1.0" encoding="UTF-8"?>
<!-- Generated by org.testng.reporters.JUnitXMLReporter -->
<testsuite ignored="0" hostname="LAPTOP-Q93TU05O" failures="0" tests="3" name="ChromeTest" time="20.105" errors="0" timestamp="2025-05-20T21:37:45 IST">
  <testcase classname="testNGParallelTest.NewTest" name="testLogo" time="0.032"/>
  <testcase classname="testNGParallelTest.NewTest" name="testTitle" time="0.011"/>
  <testcase classname="testNGParallelTest.NewTest" name="testURL" time="0.008"/>
</testsuite> <!-- ChromeTest -->
