<?xml version="1.0" encoding="UTF-8"?>
<!-- Generated by org.testng.reporters.JUnitXMLReporter -->
<testsuite ignored="0" hostname="LAPTOP-Q93TU05O" failures="0" tests="3" name="EdgeTest" time="13.827" errors="0" timestamp="2025-05-20T21:37:38 IST">
  <testcase classname="testNGParallelTest.NewTest" name="testLogo" time="0.098"/>
  <testcase classname="testNGParallelTest.NewTest" name="testTitle" time="0.039"/>
  <testcase classname="testNGParallelTest.NewTest" name="testURL" time="0.023"/>
</testsuite> <!-- EdgeTest -->
