<?xml version="1.0" encoding="UTF-8"?>
<!-- Generated by org.testng.reporters.JUnitXMLReporter -->
<testsuite ignored="0" hostname="LAPTOP-Q93TU05O" failures="0" tests="3" name="EdgehromeTest" time="35.363" errors="0" timestamp="2025-05-17T12:48:38 IST">
  <testcase classname="testNGParallelTest.NewTest" name="testLogo" time="0.026"/>
  <testcase classname="testNGParallelTest.NewTest" name="testTitle" time="0.009"/>
  <testcase classname="testNGParallelTest.NewTest" name="testURL" time="0.006"/>
</testsuite> <!-- EdgehromeTest -->
