<?xml version="1.0" encoding="UTF-8"?>
<!-- Generated by org.testng.reporters.JUnitXMLReporter -->
<testsuite ignored="0" hostname="LAPTOP-Q93TU05O" failures="0" tests="7" name="Test1" time="0.113" errors="0" timestamp="2025-05-14T21:39:32 IST">
  <testcase classname="testNGAnnotations.Test2" name="f1" time="0.007"/>
  <testcase classname="testNGAnnotations.Test2" name="f2" time="0.005"/>
  <testcase classname="testNGAnnotations.Test2" name="f3" time="0.001"/>
  <testcase classname="testNGAnnotations.Test1" name="f1" time="0.002"/>
  <testcase classname="testNGAnnotations.Test1" name="f2" time="0.001"/>
  <testcase classname="testNGAnnotations.Test1" name="f3" time="0.003"/>
  <testcase classname="testNGAnnotations.Test3" name="f" time="0.002"/>
</testsuite> <!-- Test1 -->
