<?xml version="1.0" encoding="UTF-8"?>
<testng-results ignored="0" total="1" passed="1" failed="0" skipped="0">
  <reporter-output>
  </reporter-output>
  <suite started-at="2025-05-21T01:01:42 IST" name="Default suite" finished-at="2025-05-21T01:01:49 IST" duration-ms="7306">
    <groups>
    </groups>
    <test started-at="2025-05-21T01:01:42 IST" name="Default test" finished-at="2025-05-21T01:01:49 IST" duration-ms="7306">
      <class name="testNG_POM_WithPagefactory.LoginTest">
        <test-method is-config="true" signature="setup()[pri:0, instance:testNG_POM_WithPagefactory.LoginTest@2002fc1d]" started-at="2025-05-21T01:01:42 IST" name="setup" finished-at="2025-05-21T01:01:48 IST" duration-ms="6216" status="PASS">
          <reporter-output>
          </reporter-output>
        </test-method> <!-- setup -->
        <test-method signature="testLogin()[pri:0, instance:testNG_POM_WithPagefactory.LoginTest@2002fc1d]" started-at="2025-05-21T01:01:48 IST" name="testLogin" finished-at="2025-05-21T01:01:49 IST" duration-ms="930" status="PASS">
          <reporter-output>
          </reporter-output>
        </test-method> <!-- testLogin -->
        <test-method is-config="true" signature="tearDown()[pri:0, instance:testNG_POM_WithPagefactory.LoginTest@2002fc1d]" started-at="2025-05-21T01:01:49 IST" name="tearDown" finished-at="2025-05-21T01:01:49 IST" duration-ms="131" status="PASS">
          <reporter-output>
          </reporter-output>
        </test-method> <!-- tearDown -->
      </class> <!-- testNG_POM_WithPagefactory.LoginTest -->
    </test> <!-- Default test -->
  </suite> <!-- Default suite -->
</testng-results>
